<?xml version="1.0" encoding="UTF-8"?>
<!-- Generated by org.testng.reporters.JUnitReportReporter -->
<testsuite skipped="0" hostname="DESKTOP-PT9BTGS" name="maventest.maventest" tests="1" failures="0" timestamp="05 Jul 2020 12:05:26 GMT" time="0.024" errors="0">
  <testcase name="readTestCaseFromGit" time="0.024" classname="maventest.maventest"/>
</testsuite> <!-- maventest.maventest -->
